<?xml version="1.0" encoding="UTF-8"?>
<!-- Generated by org.testng.reporters.JUnitReportReporter -->
<testsuite skipped="0" hostname="Johnss-MacBook-Pro.local" name="Healthcaresuccess.Hackathon.HomePage" tests="2" failures="0" timestamp="2021-08-07T16:10:23 SGT" time="9.438" errors="0">
  <testcase name="selectMenu" time="0.998" classname="Healthcaresuccess.Hackathon.HomePage"/>
  <system-out/>
  <testcase name="basePageNavigation" time="8.440" classname="Healthcaresuccess.Hackathon.HomePage"/>
  <system-out/>
</testsuite> <!-- Healthcaresuccess.Hackathon.HomePage -->
