<?xml version="1.0" encoding="UTF-8"?>
<!-- Generated by org.testng.reporters.JUnitReportReporter -->
<testsuite hostname="Johnss-MacBook-Pro.local" failures="0" tests="1" name="Healthcaresuccess.HomePage" time="8.885" errors="0" timestamp="2021-08-07T10:59:03 SGT" skipped="0">
  <testcase classname="Healthcaresuccess.HomePage" name="basePageNavigation" time="8.885"/>
  <system-out/>
</testsuite> <!-- Healthcaresuccess.HomePage -->
